[debug] [2024-01-04T12:51:18.838Z] ----------------------------------------------------------------------
[debug] [2024-01-04T12:51:18.840Z] Command:       C:\Program Files\nodejs\node.exe C:\Users\maytus\AppData\Roaming\npm\node_modules\firebase-tools\lib\bin\firebase.js init
[debug] [2024-01-04T12:51:18.841Z] CLI Version:   12.4.7
[debug] [2024-01-04T12:51:18.841Z] Platform:      win32
[debug] [2024-01-04T12:51:18.842Z] Node Version:  v18.16.0
[debug] [2024-01-04T12:51:18.843Z] Time:          Thu Jan 04 2024 19:51:18 GMT+0700 (เวลาอินโดจีน)
[debug] [2024-01-04T12:51:18.843Z] ----------------------------------------------------------------------
[debug] 
[debug] [2024-01-04T12:51:18.848Z] >>> [apiv2][query] GET https://firebase-public.firebaseio.com/cli.json [none]
[debug] [2024-01-04T12:51:18.918Z] > command requires scopes: ["email","openid","https://www.googleapis.com/auth/cloudplatformprojects.readonly","https://www.googleapis.com/auth/firebase","https://www.googleapis.com/auth/cloud-platform"]
[debug] [2024-01-04T12:51:18.918Z] > authorizing via signed-in user (aomaytus@gmail.com)
[info] 
     ######## #### ########  ######## ########     ###     ######  ########
     ##        ##  ##     ## ##       ##     ##  ##   ##  ##       ##
     ######    ##  ########  ######   ########  #########  ######  ######
     ##        ##  ##    ##  ##       ##     ## ##     ##       ## ##
     ##       #### ##     ## ######## ########  ##     ##  ######  ########

You're about to initialize a Firebase project in this directory:

  E:\sd\react\google

[debug] [2024-01-04T12:51:19.580Z] <<< [apiv2][status] GET https://firebase-public.firebaseio.com/cli.json 200
[debug] [2024-01-04T12:51:19.581Z] <<< [apiv2][body] GET https://firebase-public.firebaseio.com/cli.json {"cloudBuildErrorAfter":1594252800000,"cloudBuildWarnAfter":1590019200000,"defaultNode10After":1594252800000,"minVersion":"3.0.5","node8DeploysDisabledAfter":1613390400000,"node8RuntimeDisabledAfter":1615809600000,"node8WarnAfter":1600128000000}
[info] 
=== Project Setup
[info] 
[info] First, let's associate this project directory with a Firebase project.
[info] You can create multiple project aliases by running firebase use --add, 
[info] but for now we'll just set up a default project.
[info] 
[debug] [2024-01-04T12:51:26.253Z] > refreshing access token with scopes: []
[debug] [2024-01-04T12:51:26.254Z] >>> [apiv2][query] POST https://www.googleapis.com/oauth2/v3/token [none]
[debug] [2024-01-04T12:51:26.254Z] >>> [apiv2][body] POST https://www.googleapis.com/oauth2/v3/token [omitted]
[debug] [2024-01-04T12:51:26.481Z] <<< [apiv2][status] POST https://www.googleapis.com/oauth2/v3/token 200
[debug] [2024-01-04T12:51:26.482Z] <<< [apiv2][body] POST https://www.googleapis.com/oauth2/v3/token [omitted]
[debug] [2024-01-04T12:51:26.500Z] >>> [apiv2][query] GET https://firebase.googleapis.com/v1beta1/projects pageSize=100
[debug] [2024-01-04T12:51:27.270Z] <<< [apiv2][status] GET https://firebase.googleapis.com/v1beta1/projects 200
[debug] [2024-01-04T12:51:27.270Z] <<< [apiv2][body] GET https://firebase.googleapis.com/v1beta1/projects [omitted]
